app/build/outputs/logs/manifest-merger-release-report.txt
-- Merging decision tree log ---
provider#android.support.v4.content.FileProvider
INJECTED from src/main/AndroidManifest.xml:108:9-116:20
	android:grantUriPermissions
		ADDED from src/main/AndroidManifest.xml:112:13-47
	android:authorities
		INJECTED from src/main/AndroidManifest.xml
		ADDED from src/main/AndroidManifest.xml:110:13-64
	android:exported
		ADDED from src/main/AndroidManifest.xml:111:13-37
	android:name
		ADDED from src/main/AndroidManifest.xml:109:13-67
manifest
ADDED from src/main/AndroidManifest.xml:2:1-376:12
INJECTED from src/main/AndroidManifest.xml:2:1-376:12
INJECTED from src/main/AndroidManifest.xml:2:1-376:12
INJECTED from src/main/AndroidManifest.xml:2:1-376:12
MERGED from [:photopicker] AndroidManifest.xml:2:1-18:12
MERGED from [:rxeasyhttp] AndroidManifest.xml:2:1-22:12
MERGED from [com.android.support:design:25.3.1] AndroidManifest.xml:17:1-31:12
MERGED from [com.jude:rollviewpager:1.4.6] AndroidManifest.xml:2:1-11:12
MERGED from [com.github.chrisbanes.photoview:library:1.2.4] AndroidManifest.xml:2:1-11:12
MERGED from [com.android.support:transition:25.3.1] AndroidManifest.xml:17:1-28:12
MERGED from [com.github.barteksc:android-pdf-viewer:2.7.0-beta.1] AndroidManifest.xml:2:1-11:12
MERGED from [com.github.barteksc:pdfium-android:1.7.0] AndroidManifest.xml:2:1-11:12
MERGED from [com.google.android.gms:play-services-appindexing:8.4.0] AndroidManifest.xml:16:1-20:12
MERGED from [com.google.android.gms:play-services-base:8.4.0] AndroidManifest.xml:16:1-19:12
MERGED from [com.google.android.gms:play-services-basement:8.4.0] AndroidManifest.xml:16:1-26:12
MERGED from [com.github.davidpizarro:pickerui:1.0.1] AndroidManifest.xml:2:1-10:12
MERGED from [fm.jiecao:jiecaovideoplayer:5.5.4] AndroidManifest.xml:2:1-13:12
MERGED from [com.android.support:appcompat-v7:25.3.1] AndroidManifest.xml:17:1-31:12
MERGED from [com.android.support:support-v4:25.3.1] AndroidManifest.xml:17:1-31:12
MERGED from [com.contrarywind:Android-PickerView:3.2.4] AndroidManifest.xml:2:1-11:12
MERGED from [com.android.support.constraint:constraint-layout:1.0.2] AndroidManifest.xml:2:1-11:12
MERGED from [se.emilsjolander:stickylistheaders:2.7.0] AndroidManifest.xml:2:1-11:12
MERGED from [com.getui:sdk:2.10.2.0] AndroidManifest.xml:2:1-100:12
MERGED from [com.tencent.bugly:crashreport_upgrade:1.3.4] AndroidManifest.xml:2:1-207:12
MERGED from [com.tbruyelle.rxpermissions:rxpermissions:0.8.2] AndroidManifest.xml:2:1-17:12
MERGED from [com.android.support:multidex:1.0.2] AndroidManifest.xml:17:1-22:12
MERGED from [com.pgyersdk:sdk:2.8.1] AndroidManifest.xml:2:1-16:12
MERGED from [io.reactivex.rxjava2:rxandroid:2.0.1] AndroidManifest.xml:15:1-21:12
MERGED from [com.android.support:recyclerview-v7:25.3.1] AndroidManifest.xml:17:1-26:12
MERGED from [com.android.support:support-fragment:25.3.1] AndroidManifest.xml:17:1-31:12
MERGED from [com.android.support:support-core-ui:25.3.1] AndroidManifest.xml:17:1-31:12
MERGED from [com.android.support:animated-vector-drawable:25.3.1] AndroidManifest.xml:17:1-28:12
MERGED from [com.android.support:support-vector-drawable:25.3.1] AndroidManifest.xml:17:1-28:12
MERGED from [com.android.support:support-media-compat:25.3.1] AndroidManifest.xml:17:1-31:12
MERGED from [com.android.support:support-core-utils:25.3.1] AndroidManifest.xml:17:1-31:12
MERGED from [com.android.support:support-compat:25.3.1] AndroidManifest.xml:17:1-31:12
INJECTED from src/main/AndroidManifest.xml:2:1-376:12
INJECTED from src/main/AndroidManifest.xml:2:1-376:12
INJECTED from src/main/AndroidManifest.xml:2:1-376:12
	package
		ADDED from src/main/AndroidManifest.xml:4:11-52
		INJECTED from src/main/AndroidManifest.xml
		INJECTED from src/main/AndroidManifest.xml
	android:versionName
		INJECTED from src/main/AndroidManifest.xml
		ADDED from src/main/AndroidManifest.xml:2:1-376:12
		INJECTED from src/main/AndroidManifest.xml
	xmlns:tools
		ADDED from src/main/AndroidManifest.xml:3:11-57
	android:versionCode
		INJECTED from src/main/AndroidManifest.xml
		ADDED from src/main/AndroidManifest.xml:2:1-376:12
		INJECTED from src/main/AndroidManifest.xml
	xmlns:android
		ADDED from src/main/AndroidManifest.xml:2:11-69
uses-permission#android.permission.ACCESS_COARSE_LOCATION
ADDED from src/main/AndroidManifest.xml:7:5-80
	android:name
		ADDED from src/main/AndroidManifest.xml:7:22-78
uses-permission#android.permission.ACCESS_FINE_LOCATION
ADDED from src/main/AndroidManifest.xml:9:5-78
	android:name
		ADDED from src/main/AndroidManifest.xml:9:22-76
uses-permission#android.permission.READER_EXTERNAL_STORAGE
ADDED from src/main/AndroidManifest.xml:11:5-81
	android:name
		ADDED from src/main/AndroidManifest.xml:11:22-79
uses-permission#android.permission.WRITE_EXTERNAL_STORAGE
ADDED from src/main/AndroidManifest.xml:13:5-80
MERGED from [:rxeasyhttp] AndroidManifest.xml:11:5-81
MERGED from [:rxeasyhttp] AndroidManifest.xml:11:5-81
MERGED from [com.getui:sdk:2.10.2.0] AndroidManifest.xml:18:5-81
MERGED from [com.getui:sdk:2.10.2.0] AndroidManifest.xml:18:5-81
MERGED from [com.tencent.bugly:crashreport_upgrade:1.3.4] AndroidManifest.xml:16:5-81
MERGED from [com.tencent.bugly:crashreport_upgrade:1.3.4] AndroidManifest.xml:16:5-81
	android:name
		ADDED from src/main/AndroidManifest.xml:13:22-78
uses-permission#android.permission.READ_EXTERNAL_STORAGE
ADDED from src/main/AndroidManifest.xml:14:5-79
	android:name
		ADDED from src/main/AndroidManifest.xml:14:22-77
uses-permission#android.permission.ACCESS_NETWORK_STATE
ADDED from src/main/AndroidManifest.xml:16:5-78
MERGED from [:rxeasyhttp] AndroidManifest.xml:13:5-79
MERGED from [:rxeasyhttp] AndroidManifest.xml:13:5-79
MERGED from [fm.jiecao:jiecaovideoplayer:5.5.4] AndroidManifest.xml:11:5-79
MERGED from [fm.jiecao:jiecaovideoplayer:5.5.4] AndroidManifest.xml:11:5-79
MERGED from [com.getui:sdk:2.10.2.0] AndroidManifest.xml:13:5-79
MERGED from [com.getui:sdk:2.10.2.0] AndroidManifest.xml:13:5-79
MERGED from [com.tencent.bugly:crashreport_upgrade:1.3.4] AndroidManifest.xml:13:5-79
MERGED from [com.tencent.bugly:crashreport_upgrade:1.3.4] AndroidManifest.xml:13:5-79
	android:name
		ADDED from src/main/AndroidManifest.xml:16:22-76
uses-permission#android.permission.ACCESS_WIFI_STATE
ADDED from src/main/AndroidManifest.xml:18:5-75
MERGED from [com.getui:sdk:2.10.2.0] AndroidManifest.xml:15:5-76
MERGED from [com.getui:sdk:2.10.2.0] AndroidManifest.xml:15:5-76
MERGED from [com.tencent.bugly:crashreport_upgrade:1.3.4] AndroidManifest.xml:14:5-76
MERGED from [com.tencent.bugly:crashreport_upgrade:1.3.4] AndroidManifest.xml:14:5-76
MERGED from [com.pgyersdk:sdk:2.8.1] AndroidManifest.xml:10:5-76
MERGED from [com.pgyersdk:sdk:2.8.1] AndroidManifest.xml:10:5-76
	android:name
		ADDED from src/main/AndroidManifest.xml:18:22-73
uses-permission#android.permission.CHANGE_NETWORK_STATE
ADDED from src/main/AndroidManifest.xml:20:5-78
	android:name
		ADDED from src/main/AndroidManifest.xml:20:22-76
uses-permission#android.permission.CHANGE_WIFI_STATE
ADDED from src/main/AndroidManifest.xml:22:5-75
MERGED from [com.getui:sdk:2.10.2.0] AndroidManifest.xml:14:5-76
MERGED from [com.getui:sdk:2.10.2.0] AndroidManifest.xml:14:5-76
	android:name
		ADDED from src/main/AndroidManifest.xml:22:22-73
uses-permission#android.permission.INTERNET
ADDED from src/main/AndroidManifest.xml:24:5-66
MERGED from [:rxeasyhttp] AndroidManifest.xml:14:5-67
MERGED from [:rxeasyhttp] AndroidManifest.xml:14:5-67
MERGED from [com.getui:sdk:2.10.2.0] AndroidManifest.xml:11:5-67
MERGED from [com.getui:sdk:2.10.2.0] AndroidManifest.xml:11:5-67
MERGED from [com.tencent.bugly:crashreport_upgrade:1.3.4] AndroidManifest.xml:12:5-67
MERGED from [com.tencent.bugly:crashreport_upgrade:1.3.4] AndroidManifest.xml:12:5-67
	android:name
		ADDED from src/main/AndroidManifest.xml:24:22-64
uses-permission#android.permission.MOUNT_UNMOUNT_FILESYSTEMS
ADDED from src/main/AndroidManifest.xml:25:5-83
MERGED from [:rxeasyhttp] AndroidManifest.xml:12:5-84
MERGED from [:rxeasyhttp] AndroidManifest.xml:12:5-84
	android:name
		ADDED from src/main/AndroidManifest.xml:25:22-81
uses-permission#android.permission.READ_LOGS
ADDED from src/main/AndroidManifest.xml:27:5-67
MERGED from [com.tencent.bugly:crashreport_upgrade:1.3.4] AndroidManifest.xml:15:5-68
MERGED from [com.tencent.bugly:crashreport_upgrade:1.3.4] AndroidManifest.xml:15:5-68
	android:name
		ADDED from src/main/AndroidManifest.xml:27:22-65
uses-permission#android.permission.READ_PHONE_STATE
ADDED from src/main/AndroidManifest.xml:29:5-74
MERGED from [com.getui:sdk:2.10.2.0] AndroidManifest.xml:12:5-75
MERGED from [com.getui:sdk:2.10.2.0] AndroidManifest.xml:12:5-75
MERGED from [com.tencent.bugly:crashreport_upgrade:1.3.4] AndroidManifest.xml:11:5-75
MERGED from [com.tencent.bugly:crashreport_upgrade:1.3.4] AndroidManifest.xml:11:5-75
MERGED from [com.pgyersdk:sdk:2.8.1] AndroidManifest.xml:11:5-75
MERGED from [com.pgyersdk:sdk:2.8.1] AndroidManifest.xml:11:5-75
	android:name
		ADDED from src/main/AndroidManifest.xml:29:22-72
uses-permission#android.permission.VIBRATE
ADDED from src/main/AndroidManifest.xml:30:5-65
MERGED from [com.getui:sdk:2.10.2.0] AndroidManifest.xml:19:5-66
MERGED from [com.getui:sdk:2.10.2.0] AndroidManifest.xml:19:5-66
	android:name
		ADDED from src/main/AndroidManifest.xml:30:22-63
uses-permission#android.permission.CALL_PHONE
ADDED from src/main/AndroidManifest.xml:31:5-68
	android:name
		ADDED from src/main/AndroidManifest.xml:31:22-66
uses-permission#android.permission.WRITE_SETTINGS
ADDED from src/main/AndroidManifest.xml:34:5-72
	android:name
		ADDED from src/main/AndroidManifest.xml:34:22-70
uses-permission#android.permission.FLASHLIGHT
ADDED from src/main/AndroidManifest.xml:35:5-68
	android:name
		ADDED from src/main/AndroidManifest.xml:35:22-66
uses-permission#android.permission.CAMERA
ADDED from src/main/AndroidManifest.xml:36:5-64
	android:name
		ADDED from src/main/AndroidManifest.xml:36:22-62
uses-permission#android.permission.RESTART_PACKAGES
ADDED from src/main/AndroidManifest.xml:37:5-74
	android:name
		ADDED from src/main/AndroidManifest.xml:37:22-72
uses-permission#android.permission.RECEIVE_BOOT_COMPLETED
ADDED from src/main/AndroidManifest.xml:38:5-80
MERGED from [com.getui:sdk:2.10.2.0] AndroidManifest.xml:17:5-81
MERGED from [com.getui:sdk:2.10.2.0] AndroidManifest.xml:17:5-81
	android:name
		ADDED from src/main/AndroidManifest.xml:38:22-78
uses-permission#android.permission.DISABLE_KEYGUARD
ADDED from src/main/AndroidManifest.xml:39:5-74
	android:name
		ADDED from src/main/AndroidManifest.xml:39:22-72
uses-permission#android.permission.ACCESS_DOWNLOAD_MANAGER
ADDED from src/main/AndroidManifest.xml:41:5-81
	android:name
		ADDED from src/main/AndroidManifest.xml:41:22-79
uses-permission#android.permission.DOWNLOAD_WITHOUT_NOTIFICATION
ADDED from src/main/AndroidManifest.xml:42:5-87
	android:name
		ADDED from src/main/AndroidManifest.xml:42:22-85
uses-permission#android.permission.EXPAND_STATUS_BAR
ADDED from src/main/AndroidManifest.xml:43:5-75
	android:name
		ADDED from src/main/AndroidManifest.xml:43:22-73
uses-permission#baidu.push.permission.WRITE_PUSHINFOPROVIDER.com.cheerychina.ipisa
ADDED from src/main/AndroidManifest.xml:45:5-105
	android:name
		ADDED from src/main/AndroidManifest.xml:45:22-103
uses-permission#android.permission.READ_CALENDAR
ADDED from src/main/AndroidManifest.xml:48:5-71
	android:name
		ADDED from src/main/AndroidManifest.xml:48:22-69
uses-permission#android.permission.WRITE_CALENDAR
ADDED from src/main/AndroidManifest.xml:49:5-72
	android:name
		ADDED from src/main/AndroidManifest.xml:49:22-70
uses-feature#android.hardware.camera
ADDED from src/main/AndroidManifest.xml:51:5-59
	android:name
		ADDED from src/main/AndroidManifest.xml:51:19-57
uses-feature#android.hardware.camera.autofocus
ADDED from src/main/AndroidManifest.xml:53:5-69
	android:name
		ADDED from src/main/AndroidManifest.xml:53:19-67
uses-permission#andorid.permission.CHANGE_CONFIGURATION
ADDED from src/main/AndroidManifest.xml:55:5-78
	android:name
		ADDED from src/main/AndroidManifest.xml:55:22-76
uses-permission#android.permission.ACCESS_NETWORK
ADDED from src/main/AndroidManifest.xml:56:5-72
	android:name
		ADDED from src/main/AndroidManifest.xml:56:22-70
uses-permission#android.permission.READ_CONTACTS
ADDED from src/main/AndroidManifest.xml:58:5-71
	android:name
		ADDED from src/main/AndroidManifest.xml:58:22-69
uses-permission#android.permission.PACKAGE_USAGE_STATS
ADDED from src/main/AndroidManifest.xml:59:5-61:46
	tools:ignore
		ADDED from src/main/AndroidManifest.xml:61:9-44
	android:name
		ADDED from src/main/AndroidManifest.xml:60:9-62
uses-permission#android.permission.WAKE_LOCK
ADDED from src/main/AndroidManifest.xml:64:5-67
MERGED from [com.getui:sdk:2.10.2.0] AndroidManifest.xml:16:5-68
MERGED from [com.getui:sdk:2.10.2.0] AndroidManifest.xml:16:5-68
	android:name
		ADDED from src/main/AndroidManifest.xml:64:22-65
uses-permission#android.permission.GET_TASKS
ADDED from src/main/AndroidManifest.xml:65:5-67
MERGED from [com.getui:sdk:2.10.2.0] AndroidManifest.xml:20:5-68
MERGED from [com.getui:sdk:2.10.2.0] AndroidManifest.xml:20:5-68
	android:name
		ADDED from src/main/AndroidManifest.xml:65:22-65
uses-permission#android.permission.BLUETOOTH
ADDED from src/main/AndroidManifest.xml:67:5-67
	android:name
		ADDED from src/main/AndroidManifest.xml:67:22-65
uses-permission#android.permission.BLUETOOTH_ADMIN
ADDED from src/main/AndroidManifest.xml:68:5-73
	android:name
		ADDED from src/main/AndroidManifest.xml:68:22-71
uses-permission#android.permission.SYSTEM_ALERT_WINDOW
ADDED from src/main/AndroidManifest.xml:70:5-77
MERGED from [com.getui:sdk:2.10.2.0] AndroidManifest.xml:23:5-78
MERGED from [com.getui:sdk:2.10.2.0] AndroidManifest.xml:23:5-78
	android:name
		ADDED from src/main/AndroidManifest.xml:70:22-75
uses-permission#getui.permission.GetuiService.com.yd.org.sellpopularizesystem
ADDED from src/main/AndroidManifest.xml:71:5-100
MERGED from [com.getui:sdk:2.10.2.0] AndroidManifest.xml:26:5-86
	android:name
		ADDED from src/main/AndroidManifest.xml:71:22-98
permission#getui.permission.GetuiService.com.yd.org.sellpopularizesystem
ADDED from src/main/AndroidManifest.xml:73:5-75:43
MERGED from [com.getui:sdk:2.10.2.0] AndroidManifest.xml:28:5-30:44
	android:protectionLevel
		ADDED from src/main/AndroidManifest.xml:75:9-41
	android:name
		ADDED from src/main/AndroidManifest.xml:74:9-85
supports-screens
ADDED from src/main/AndroidManifest.xml:78:5-83:38
	android:largeScreens
		ADDED from src/main/AndroidManifest.xml:80:9-36
	android:smallScreens
		ADDED from src/main/AndroidManifest.xml:83:9-36
	android:normalScreens
		ADDED from src/main/AndroidManifest.xml:81:9-38
	android:resizeable
		ADDED from src/main/AndroidManifest.xml:82:9-34
	android:anyDensity
		ADDED from src/main/AndroidManifest.xml:79:9-34
uses-feature#0x00020000
ADDED from src/main/AndroidManifest.xml:86:5-88:34
	android:glEsVersion
		ADDED from src/main/AndroidManifest.xml:87:9-41
	android:required
		ADDED from src/main/AndroidManifest.xml:88:9-32
application
ADDED from src/main/AndroidManifest.xml:90:5-374:19
MERGED from [:photopicker] AndroidManifest.xml:11:5-16:19
MERGED from [:photopicker] AndroidManifest.xml:11:5-16:19
MERGED from [:rxeasyhttp] AndroidManifest.xml:16:5-20:19
MERGED from [:rxeasyhttp] AndroidManifest.xml:16:5-20:19
MERGED from [com.android.support:design:25.3.1] AndroidManifest.xml:29:5-20
MERGED from [com.android.support:design:25.3.1] AndroidManifest.xml:29:5-20
MERGED from [com.android.support:transition:25.3.1] AndroidManifest.xml:26:5-20
MERGED from [com.android.support:transition:25.3.1] AndroidManifest.xml:26:5-20
MERGED from [com.google.android.gms:play-services-appindexing:8.4.0] AndroidManifest.xml:19:5-20
MERGED from [com.google.android.gms:play-services-appindexing:8.4.0] AndroidManifest.xml:19:5-20
MERGED from [com.google.android.gms:play-services-basement:8.4.0] AndroidManifest.xml:20:5-24:19
MERGED from [com.google.android.gms:play-services-basement:8.4.0] AndroidManifest.xml:20:5-24:19
MERGED from [com.android.support:appcompat-v7:25.3.1] AndroidManifest.xml:29:5-20
MERGED from [com.android.support:appcompat-v7:25.3.1] AndroidManifest.xml:29:5-20
MERGED from [com.android.support:support-v4:25.3.1] AndroidManifest.xml:29:5-20
MERGED from [com.android.support:support-v4:25.3.1] AndroidManifest.xml:29:5-20
MERGED from [com.android.support.constraint:constraint-layout:1.0.2] AndroidManifest.xml:9:5-20
MERGED from [com.android.support.constraint:constraint-layout:1.0.2] AndroidManifest.xml:9:5-20
MERGED from [com.getui:sdk:2.10.2.0] AndroidManifest.xml:32:5-98:19
MERGED from [com.getui:sdk:2.10.2.0] AndroidManifest.xml:32:5-98:19
MERGED from [com.tencent.bugly:crashreport_upgrade:1.3.4] AndroidManifest.xml:19:5-205:19
MERGED from [com.tencent.bugly:crashreport_upgrade:1.3.4] AndroidManifest.xml:19:5-205:19
MERGED from [com.tbruyelle.rxpermissions:rxpermissions:0.8.2] AndroidManifest.xml:10:5-15:19
MERGED from [com.tbruyelle.rxpermissions:rxpermissions:0.8.2] AndroidManifest.xml:10:5-15:19
MERGED from [com.pgyersdk:sdk:2.8.1] AndroidManifest.xml:13:5-14:19
MERGED from [com.pgyersdk:sdk:2.8.1] AndroidManifest.xml:13:5-14:19
MERGED from [com.android.support:support-fragment:25.3.1] AndroidManifest.xml:29:5-20
MERGED from [com.android.support:support-fragment:25.3.1] AndroidManifest.xml:29:5-20
MERGED from [com.android.support:support-core-ui:25.3.1] AndroidManifest.xml:29:5-20
MERGED from [com.android.support:support-core-ui:25.3.1] AndroidManifest.xml:29:5-20
MERGED from [com.android.support:animated-vector-drawable:25.3.1] AndroidManifest.xml:26:5-20
MERGED from [com.android.support:animated-vector-drawable:25.3.1] AndroidManifest.xml:26:5-20
MERGED from [com.android.support:support-vector-drawable:25.3.1] AndroidManifest.xml:26:5-20
MERGED from [com.android.support:support-vector-drawable:25.3.1] AndroidManifest.xml:26:5-20
MERGED from [com.android.support:support-media-compat:25.3.1] AndroidManifest.xml:29:5-20
MERGED from [com.android.support:support-media-compat:25.3.1] AndroidManifest.xml:29:5-20
MERGED from [com.android.support:support-core-utils:25.3.1] AndroidManifest.xml:29:5-20
MERGED from [com.android.support:support-core-utils:25.3.1] AndroidManifest.xml:29:5-20
MERGED from [com.android.support:support-compat:25.3.1] AndroidManifest.xml:29:5-20
MERGED from [com.android.support:support-compat:25.3.1] AndroidManifest.xml:29:5-20
	android:supportsRtl
		ADDED from src/main/AndroidManifest.xml:96:9-35
	android:label
		ADDED from src/main/AndroidManifest.xml:95:9-41
	android:exported
		ADDED from src/main/AndroidManifest.xml:93:9-32
	android:icon
		ADDED from src/main/AndroidManifest.xml:94:9-35
	android:allowBackup
		ADDED from src/main/AndroidManifest.xml:92:9-35
	android:theme
		ADDED from src/main/AndroidManifest.xml:97:9-44
	tools:replace
		ADDED from src/main/AndroidManifest.xml:98:9-37
	android:name
		ADDED from src/main/AndroidManifest.xml:91:9-52
meta-data#com.amap.api.v2.apikey
ADDED from src/main/AndroidManifest.xml:99:9-101:63
	android:value
		ADDED from src/main/AndroidManifest.xml:101:13-61
	android:name
		ADDED from src/main/AndroidManifest.xml:100:13-50
meta-data#PGYER_APPID
ADDED from src/main/AndroidManifest.xml:104:9-106:63
	android:value
		ADDED from src/main/AndroidManifest.xml:106:13-61
	android:name
		ADDED from src/main/AndroidManifest.xml:105:13-39
activity#com.yd.org.sellpopularizesystem.activity.StartActivity
ADDED from src/main/AndroidManifest.xml:118:9-126:20
	android:theme
		ADDED from src/main/AndroidManifest.xml:120:13-45
	android:name
		ADDED from src/main/AndroidManifest.xml:119:13-51
intent-filter#android.intent.action.MAIN+android.intent.category.LAUNCHER
ADDED from src/main/AndroidManifest.xml:121:13-125:29
action#android.intent.action.MAIN
ADDED from src/main/AndroidManifest.xml:122:17-68
	android:name
		ADDED from src/main/AndroidManifest.xml:122:25-66
category#android.intent.category.LAUNCHER
ADDED from src/main/AndroidManifest.xml:124:17-76
	android:name
		ADDED from src/main/AndroidManifest.xml:124:27-74
activity#com.yd.org.sellpopularizesystem.activity.CustomeActivity
ADDED from src/main/AndroidManifest.xml:127:9-129:51
	android:screenOrientation
		ADDED from src/main/AndroidManifest.xml:129:13-49
	android:name
		ADDED from src/main/AndroidManifest.xml:128:13-53
activity#com.yd.org.sellpopularizesystem.activity.ScaleActivity
ADDED from src/main/AndroidManifest.xml:130:9-133:66
	android:screenOrientation
		ADDED from src/main/AndroidManifest.xml:132:13-49
	android:windowSoftInputMode
		ADDED from src/main/AndroidManifest.xml:133:13-64
	android:name
		ADDED from src/main/AndroidManifest.xml:131:13-51
activity#com.yd.org.sellpopularizesystem.activity.LoginActivity
ADDED from src/main/AndroidManifest.xml:134:9-137:66
	android:screenOrientation
		ADDED from src/main/AndroidManifest.xml:136:13-49
	android:windowSoftInputMode
		ADDED from src/main/AndroidManifest.xml:137:13-64
	android:name
		ADDED from src/main/AndroidManifest.xml:135:13-51
activity#com.yd.org.sellpopularizesystem.activity.HomeActivity
ADDED from src/main/AndroidManifest.xml:138:9-141:51
	android:screenOrientation
		ADDED from src/main/AndroidManifest.xml:141:13-49
	android:launchMode
		ADDED from src/main/AndroidManifest.xml:140:13-44
	android:name
		ADDED from src/main/AndroidManifest.xml:139:13-50
activity#com.yd.org.sellpopularizesystem.activity.GuideActivity
ADDED from src/main/AndroidManifest.xml:142:9-144:51
	android:screenOrientation
		ADDED from src/main/AndroidManifest.xml:144:13-49
	android:name
		ADDED from src/main/AndroidManifest.xml:143:13-51
activity#com.yd.org.sellpopularizesystem.activity.LearningGardenActivity
ADDED from src/main/AndroidManifest.xml:145:9-147:51
	android:screenOrientation
		ADDED from src/main/AndroidManifest.xml:147:13-49
	android:name
		ADDED from src/main/AndroidManifest.xml:146:13-60
activity#com.yd.org.sellpopularizesystem.activity.SettingActivity
ADDED from src/main/AndroidManifest.xml:148:9-150:51
	android:screenOrientation
		ADDED from src/main/AndroidManifest.xml:150:13-49
	android:name
		ADDED from src/main/AndroidManifest.xml:149:13-53
activity#com.yd.org.sellpopularizesystem.activity.ChangePassWordActivity
ADDED from src/main/AndroidManifest.xml:151:9-153:51
	android:screenOrientation
		ADDED from src/main/AndroidManifest.xml:153:13-49
	android:name
		ADDED from src/main/AndroidManifest.xml:152:13-60
activity#com.yd.org.sellpopularizesystem.activity.CustomDetailedActivity
ADDED from src/main/AndroidManifest.xml:154:9-157:66
	android:screenOrientation
		ADDED from src/main/AndroidManifest.xml:156:13-49
	android:windowSoftInputMode
		ADDED from src/main/AndroidManifest.xml:157:13-64
	android:name
		ADDED from src/main/AndroidManifest.xml:155:13-60
activity#com.yd.org.sellpopularizesystem.clippicture.ClipPictureActivity
ADDED from src/main/AndroidManifest.xml:158:9-68
	android:name
		ADDED from src/main/AndroidManifest.xml:158:19-66
activity#com.yd.org.sellpopularizesystem.activity.StudyDetailaActivity
ADDED from src/main/AndroidManifest.xml:159:9-163:73
	android:screenOrientation
		ADDED from src/main/AndroidManifest.xml:162:13-50
	android:configChanges
		ADDED from src/main/AndroidManifest.xml:161:13-63
	android:theme
		ADDED from src/main/AndroidManifest.xml:163:13-71
	android:name
		ADDED from src/main/AndroidManifest.xml:160:13-58
activity#com.yd.org.sellpopularizesystem.activity.ScaleDeltaileActivity
ADDED from src/main/AndroidManifest.xml:164:9-168:73
	android:screenOrientation
		ADDED from src/main/AndroidManifest.xml:167:13-50
	android:configChanges
		ADDED from src/main/AndroidManifest.xml:166:13-74
	android:theme
		ADDED from src/main/AndroidManifest.xml:168:13-71
	android:name
		ADDED from src/main/AndroidManifest.xml:165:13-59
activity#com.yd.org.sellpopularizesystem.activity.ScalListActivity
ADDED from src/main/AndroidManifest.xml:169:9-171:51
	android:screenOrientation
		ADDED from src/main/AndroidManifest.xml:171:13-49
	android:name
		ADDED from src/main/AndroidManifest.xml:170:13-54
activity#com.yd.org.sellpopularizesystem.activity.InvestigationActivity
ADDED from src/main/AndroidManifest.xml:172:9-174:51
	android:screenOrientation
		ADDED from src/main/AndroidManifest.xml:174:13-49
	android:name
		ADDED from src/main/AndroidManifest.xml:173:13-59
activity#com.yd.org.sellpopularizesystem.activity.ExaminationActivity
ADDED from src/main/AndroidManifest.xml:175:9-177:51
	android:screenOrientation
		ADDED from src/main/AndroidManifest.xml:177:13-49
	android:name
		ADDED from src/main/AndroidManifest.xml:176:13-57
activity#com.yd.org.sellpopularizesystem.activity.GradeActivity
ADDED from src/main/AndroidManifest.xml:178:9-180:51
	android:screenOrientation
		ADDED from src/main/AndroidManifest.xml:180:13-49
	android:name
		ADDED from src/main/AndroidManifest.xml:179:13-51
activity#com.yd.org.sellpopularizesystem.activity.NotificationActivity
ADDED from src/main/AndroidManifest.xml:181:9-183:51
	android:screenOrientation
		ADDED from src/main/AndroidManifest.xml:183:13-49
	android:name
		ADDED from src/main/AndroidManifest.xml:182:13-58
activity#com.yd.org.sellpopularizesystem.activity.InformationContentActivity
ADDED from src/main/AndroidManifest.xml:184:9-186:51
	android:screenOrientation
		ADDED from src/main/AndroidManifest.xml:186:13-49
	android:name
		ADDED from src/main/AndroidManifest.xml:185:13-64
activity#com.yd.org.sellpopularizesystem.activity.SaleRecordActivity
ADDED from src/main/AndroidManifest.xml:187:9-189:51
	android:screenOrientation
		ADDED from src/main/AndroidManifest.xml:189:13-49
	android:name
		ADDED from src/main/AndroidManifest.xml:188:13-56
activity#com.yd.org.sellpopularizesystem.activity.MapActivity
ADDED from src/main/AndroidManifest.xml:190:9-192:51
	android:screenOrientation
		ADDED from src/main/AndroidManifest.xml:192:13-49
	android:name
		ADDED from src/main/AndroidManifest.xml:191:13-49
activity#com.yd.org.sellpopularizesystem.wxapi.WXEntryActivity
ADDED from src/main/AndroidManifest.xml:193:9-198:74
	android:screenOrientation
		ADDED from src/main/AndroidManifest.xml:197:13-49
	android:exported
		ADDED from src/main/AndroidManifest.xml:196:13-36
	android:configChanges
		ADDED from src/main/AndroidManifest.xml:195:13-74
	android:theme
		ADDED from src/main/AndroidManifest.xml:198:13-72
	android:name
		ADDED from src/main/AndroidManifest.xml:194:13-50
meta-data#UMENG_APPKEY
ADDED from src/main/AndroidManifest.xml:200:9-206:21
	android:value
		ADDED from src/main/AndroidManifest.xml:202:13-53
	android:name
		ADDED from src/main/AndroidManifest.xml:201:13-40
meta-data#UMENG_CHANNEL
ADDED from src/main/AndroidManifest.xml:203:13-205:40
	android:value
		ADDED from src/main/AndroidManifest.xml:205:17-38
	android:name
		ADDED from src/main/AndroidManifest.xml:204:17-45
activity#com.yd.org.sellpopularizesystem.activity.ProductSubunitListActivity
ADDED from src/main/AndroidManifest.xml:208:9-210:51
	android:screenOrientation
		ADDED from src/main/AndroidManifest.xml:210:13-49
	android:name
		ADDED from src/main/AndroidManifest.xml:209:13-64
activity#com.yd.org.sellpopularizesystem.activity.ProductItemDetailActivity
ADDED from src/main/AndroidManifest.xml:211:9-213:51
	android:screenOrientation
		ADDED from src/main/AndroidManifest.xml:213:13-49
	android:name
		ADDED from src/main/AndroidManifest.xml:212:13-63
activity#com.yd.org.sellpopularizesystem.activity.MyTeamActivity
ADDED from src/main/AndroidManifest.xml:214:9-216:51
	android:screenOrientation
		ADDED from src/main/AndroidManifest.xml:216:13-49
	android:name
		ADDED from src/main/AndroidManifest.xml:215:13-52
activity#com.yd.org.sellpopularizesystem.activity.ProductSubItemDetailActivity
ADDED from src/main/AndroidManifest.xml:217:9-219:51
	android:screenOrientation
		ADDED from src/main/AndroidManifest.xml:219:13-49
	android:name
		ADDED from src/main/AndroidManifest.xml:218:13-66
activity#com.yd.org.sellpopularizesystem.activity.ReserveActivity
ADDED from src/main/AndroidManifest.xml:220:9-223:66
	android:screenOrientation
		ADDED from src/main/AndroidManifest.xml:222:13-49
	android:windowSoftInputMode
		ADDED from src/main/AndroidManifest.xml:223:13-64
	android:name
		ADDED from src/main/AndroidManifest.xml:221:13-53
activity#com.yd.org.sellpopularizesystem.activity.SaleReceiveNoticeActivity
ADDED from src/main/AndroidManifest.xml:224:9-226:51
	android:screenOrientation
		ADDED from src/main/AndroidManifest.xml:226:13-49
	android:name
		ADDED from src/main/AndroidManifest.xml:225:13-63
activity#com.yd.org.sellpopularizesystem.activity.CusOprateRecordActivity
ADDED from src/main/AndroidManifest.xml:227:9-229:51
	android:screenOrientation
		ADDED from src/main/AndroidManifest.xml:229:13-49
	android:name
		ADDED from src/main/AndroidManifest.xml:228:13-61
activity#com.yd.org.sellpopularizesystem.activity.DialogOptionActivity
ADDED from src/main/AndroidManifest.xml:230:9-234:66
	android:screenOrientation
		ADDED from src/main/AndroidManifest.xml:232:13-49
	android:windowSoftInputMode
		ADDED from src/main/AndroidManifest.xml:234:13-64
	android:theme
		ADDED from src/main/AndroidManifest.xml:233:13-47
	android:name
		ADDED from src/main/AndroidManifest.xml:231:13-58
activity#com.yd.org.sellpopularizesystem.activity.BuildingPlanActivity
ADDED from src/main/AndroidManifest.xml:235:9-238:66
	android:screenOrientation
		ADDED from src/main/AndroidManifest.xml:237:13-49
	android:windowSoftInputMode
		ADDED from src/main/AndroidManifest.xml:238:13-64
	android:name
		ADDED from src/main/AndroidManifest.xml:236:13-58
activity#com.yd.org.sellpopularizesystem.activity.FilterActivity
ADDED from src/main/AndroidManifest.xml:239:9-241:51
	android:screenOrientation
		ADDED from src/main/AndroidManifest.xml:241:13-49
	android:name
		ADDED from src/main/AndroidManifest.xml:240:13-52
activity#com.yd.org.sellpopularizesystem.activity.SelectConditionActivity
ADDED from src/main/AndroidManifest.xml:242:9-244:51
	android:screenOrientation